** ComfyUI start up time: 2023-12-05 17:02:24.791122

Prestartup times for custom nodes:
   0.0 seconds: /Users/weixuan/git/comfyui-cloud-automatic111/custom_nodes/ComfyUI-Manager

Total VRAM 65536 MB, total RAM 65536 MB
Set vram state to: SHARED
Device: mps
VAE dtype: torch.float32
Using sub quadratic optimization for cross attention, if you have memory or speed issues try using: --use-split-cross-attention
module_spec ModuleSpec(name='/Users/weixuan/git/comfyui-cloud-automatic111/comfy_extras/nodes_latent', loader=<_frozen_importlib_external.SourceFileLoader object at 0x157b36340>, origin='/Users/weixuan/git/comfyui-cloud-automatic111/comfy_extras/nodes_latent.py')
module_spec ModuleSpec(name='/Users/weixuan/git/comfyui-cloud-automatic111/comfy_extras/nodes_hypernetwork', loader=<_frozen_importlib_external.SourceFileLoader object at 0x157b36cd0>, origin='/Users/weixuan/git/comfyui-cloud-automatic111/comfy_extras/nodes_hypernetwork.py')
module_spec ModuleSpec(name='/Users/weixuan/git/comfyui-cloud-automatic111/comfy_extras/nodes_upscale_model', loader=<_frozen_importlib_external.SourceFileLoader object at 0x157b335e0>, origin='/Users/weixuan/git/comfyui-cloud-automatic111/comfy_extras/nodes_upscale_model.py')
module_spec ModuleSpec(name='/Users/weixuan/git/comfyui-cloud-automatic111/comfy_extras/nodes_post_processing', loader=<_frozen_importlib_external.SourceFileLoader object at 0x157b33c70>, origin='/Users/weixuan/git/comfyui-cloud-automatic111/comfy_extras/nodes_post_processing.py')
module_spec ModuleSpec(name='/Users/weixuan/git/comfyui-cloud-automatic111/comfy_extras/nodes_mask', loader=<_frozen_importlib_external.SourceFileLoader object at 0x16b945910>, origin='/Users/weixuan/git/comfyui-cloud-automatic111/comfy_extras/nodes_mask.py')
module_spec ModuleSpec(name='/Users/weixuan/git/comfyui-cloud-automatic111/comfy_extras/nodes_compositing', loader=<_frozen_importlib_external.SourceFileLoader object at 0x16b945a90>, origin='/Users/weixuan/git/comfyui-cloud-automatic111/comfy_extras/nodes_compositing.py')
module_spec ModuleSpec(name='/Users/weixuan/git/comfyui-cloud-automatic111/comfy_extras/nodes_rebatch', loader=<_frozen_importlib_external.SourceFileLoader object at 0x16b983610>, origin='/Users/weixuan/git/comfyui-cloud-automatic111/comfy_extras/nodes_rebatch.py')
module_spec ModuleSpec(name='/Users/weixuan/git/comfyui-cloud-automatic111/comfy_extras/nodes_model_merging', loader=<_frozen_importlib_external.SourceFileLoader object at 0x16b990070>, origin='/Users/weixuan/git/comfyui-cloud-automatic111/comfy_extras/nodes_model_merging.py')
module_spec ModuleSpec(name='/Users/weixuan/git/comfyui-cloud-automatic111/comfy_extras/nodes_tomesd', loader=<_frozen_importlib_external.SourceFileLoader object at 0x16b990370>, origin='/Users/weixuan/git/comfyui-cloud-automatic111/comfy_extras/nodes_tomesd.py')
module_spec ModuleSpec(name='/Users/weixuan/git/comfyui-cloud-automatic111/comfy_extras/nodes_clip_sdxl', loader=<_frozen_importlib_external.SourceFileLoader object at 0x16b990ee0>, origin='/Users/weixuan/git/comfyui-cloud-automatic111/comfy_extras/nodes_clip_sdxl.py')
module_spec ModuleSpec(name='/Users/weixuan/git/comfyui-cloud-automatic111/comfy_extras/nodes_canny', loader=<_frozen_importlib_external.SourceFileLoader object at 0x16b99a1c0>, origin='/Users/weixuan/git/comfyui-cloud-automatic111/comfy_extras/nodes_canny.py')
module_spec ModuleSpec(name='/Users/weixuan/git/comfyui-cloud-automatic111/comfy_extras/nodes_freelunch', loader=<_frozen_importlib_external.SourceFileLoader object at 0x16b99a550>, origin='/Users/weixuan/git/comfyui-cloud-automatic111/comfy_extras/nodes_freelunch.py')
module_spec ModuleSpec(name='/Users/weixuan/git/comfyui-cloud-automatic111/comfy_extras/nodes_custom_sampler', loader=<_frozen_importlib_external.SourceFileLoader object at 0x16b99a820>, origin='/Users/weixuan/git/comfyui-cloud-automatic111/comfy_extras/nodes_custom_sampler.py')
module_spec ModuleSpec(name='/Users/weixuan/git/comfyui-cloud-automatic111/comfy_extras/nodes_hypertile', loader=<_frozen_importlib_external.SourceFileLoader object at 0x16b99ab50>, origin='/Users/weixuan/git/comfyui-cloud-automatic111/comfy_extras/nodes_hypertile.py')
module_spec ModuleSpec(name='/Users/weixuan/git/comfyui-cloud-automatic111/comfy_extras/nodes_model_advanced', loader=<_frozen_importlib_external.SourceFileLoader object at 0x16b9a7550>, origin='/Users/weixuan/git/comfyui-cloud-automatic111/comfy_extras/nodes_model_advanced.py')
module_spec ModuleSpec(name='/Users/weixuan/git/comfyui-cloud-automatic111/comfy_extras/nodes_model_downscale', loader=<_frozen_importlib_external.SourceFileLoader object at 0x16b9a7c70>, origin='/Users/weixuan/git/comfyui-cloud-automatic111/comfy_extras/nodes_model_downscale.py')
module_spec ModuleSpec(name='/Users/weixuan/git/comfyui-cloud-automatic111/comfy_extras/nodes_images', loader=<_frozen_importlib_external.SourceFileLoader object at 0x16b9a7eb0>, origin='/Users/weixuan/git/comfyui-cloud-automatic111/comfy_extras/nodes_images.py')
module_spec ModuleSpec(name='/Users/weixuan/git/comfyui-cloud-automatic111/comfy_extras/nodes_video_model', loader=<_frozen_importlib_external.SourceFileLoader object at 0x16b9b4400>, origin='/Users/weixuan/git/comfyui-cloud-automatic111/comfy_extras/nodes_video_model.py')
possible_module ComfyUI-Manager
module_spec ModuleSpec(name='ComfyUI-Manager', loader=<_frozen_importlib_external.SourceFileLoader object at 0x16b9b4790>, origin='/Users/weixuan/git/comfyui-cloud-automatic111/custom_nodes/ComfyUI-Manager/__init__.py', submodule_search_locations=['/Users/weixuan/git/comfyui-cloud-automatic111/custom_nodes/ComfyUI-Manager'])
### Loading: ComfyUI-Manager (V1.5.2)
### ComfyUI Revision: 1771 on 'make-extension' [9aa39bf8] | Released on '2023-11-30'
manager js_dest_path /Users/weixuan/git/comfyui-cloud-automatic111/web/extensions/comfyui-manager
possible_module .DS_Store
possible_module ComfyUI-AnimateDiff-Evolved
module_spec ModuleSpec(name='ComfyUI-AnimateDiff-Evolved', loader=<_frozen_importlib_external.SourceFileLoader object at 0x16ba33b80>, origin='/Users/weixuan/git/comfyui-cloud-automatic111/custom_nodes/ComfyUI-AnimateDiff-Evolved/__init__.py', submodule_search_locations=['/Users/weixuan/git/comfyui-cloud-automatic111/custom_nodes/ComfyUI-AnimateDiff-Evolved'])
[AnimateDiffEvo] - [0;31mERROR[0m - No motion models found. Please download one and place in: ['/Users/weixuan/git/comfyui-cloud-automatic111/custom_nodes/ComfyUI-AnimateDiff-Evolved/models']
possible_module WorkspaceManager
module_spec ModuleSpec(name='WorkspaceManager', loader=<_frozen_importlib_external.SourceFileLoader object at 0x16ba33af0>, origin='/Users/weixuan/git/comfyui-cloud-automatic111/custom_nodes/WorkspaceManager/__init__.py', submodule_search_locations=['/Users/weixuan/git/comfyui-cloud-automatic111/custom_nodes/WorkspaceManager'])
### Loading: Workspace Manager (V1.0.0)
requirements_path /Users/weixuan/git/comfyui-cloud-automatic111/custom_nodes/WorkspaceManager/requirements.txt
[Workspace Manager] Current version: 1.0.0, latest version: 1.1.0
[Workspace Manager] Update is needed. Downloading latest version...
[Workspace Manager] Downloading from https://github.com/11cafe/comfyui-workspace-manager/archive/refs/heads/main.zip to /Users/weixuan/git/comfyui-cloud-automatic111/custom_nodes/WorkspaceManager
possible_module example_node.py.example

Import times for custom nodes:
   0.0 seconds: /Users/weixuan/git/comfyui-cloud-automatic111/custom_nodes/ComfyUI-AnimateDiff-Evolved
   0.1 seconds: /Users/weixuan/git/comfyui-cloud-automatic111/custom_nodes/ComfyUI-Manager
  11.8 seconds: /Users/weixuan/git/comfyui-cloud-automatic111/custom_nodes/WorkspaceManager

Traceback (most recent call last):
  File "/Users/weixuan/git/comfyui-cloud-automatic111/main.py", line 201, in <module>
    loop.run_until_complete(run(server, address=args.listen, port=args.port, verbose=not args.dont_print_server, call_on_start=call_on_start))
  File "/Applications/Xcode.app/Contents/Developer/Library/Frameworks/Python3.framework/Versions/3.9/lib/python3.9/asyncio/base_events.py", line 642, in run_until_complete
    return future.result()
  File "/Users/weixuan/git/comfyui-cloud-automatic111/main.py", line 105, in run
    await asyncio.gather(server.start(address, port, verbose, call_on_start), server.publish_loop())
  File "/Users/weixuan/git/comfyui-cloud-automatic111/server.py", line 618, in start
    await site.start()
  File "/Users/weixuan/Library/Python/3.9/lib/python/site-packages/aiohttp/web_runner.py", line 119, in start
    self._server = await loop.create_server(
  File "/Applications/Xcode.app/Contents/Developer/Library/Frameworks/Python3.framework/Versions/3.9/lib/python3.9/asyncio/base_events.py", line 1494, in create_server
    raise OSError(err.errno, 'error while attempting '
OSError: [Errno 48] error while attempting to bind on address ('127.0.0.1', 8188): address already in use
